CreditEvaluator/build/intermediates/manifest_merge_blame_file/debug/manifest-merger-blame-debug-report.txt
1<?xml version="1.0" encoding="utf-8"?>
2<manifest xmlns:android="http://schemas.android.com/apk/res/android"
3    package="org.rmj.guanzongroup.ghostrider.creditevaluator" >
4
5    <uses-sdk
6        android:minSdkVersion="21"
6-->src\main\AndroidManifest.xml
7        android:targetSdkVersion="32" />
7-->src\main\AndroidManifest.xml
8
9    <application>
9-->src\main\AndroidManifest.xml:4:5-26:19
10        <activity
10-->src\main\AndroidManifest.xml:5:9-7:51
11            android:name="org.rmj.guanzongroup.ghostrider.creditevaluator.Activity.Activity_CIHistoryInfo"
11-->src\main\AndroidManifest.xml:5:19-66
12            android:screenOrientation="portrait"
12-->src\main\AndroidManifest.xml:7:13-49
13            android:theme="@style/GhostRiderMaterialTheme.WhiteBG" />
13-->src\main\AndroidManifest.xml:6:13-67
14        <activity
14-->src\main\AndroidManifest.xml:8:9-10:52
15            android:name="org.rmj.guanzongroup.ghostrider.creditevaluator.Activity.Activity_EvaluationHistoryInfo"
15-->src\main\AndroidManifest.xml:8:19-74
16            android:screenOrientation="portrait"
16-->src\main\AndroidManifest.xml:10:13-49
17            android:theme="@style/GhostRiderMaterialTheme.WhiteBG" />
17-->src\main\AndroidManifest.xml:9:13-67
18        <activity
18-->src\main\AndroidManifest.xml:11:9-15:68
19            android:name="org.rmj.guanzongroup.ghostrider.creditevaluator.Activity.Activity_CIApplication"
19-->src\main\AndroidManifest.xml:12:13-60
20            android:screenOrientation="userPortrait"
20-->src\main\AndroidManifest.xml:13:13-53
21            android:theme="@style/GhostRiderMaterialTheme.NoActionBar"
21-->src\main\AndroidManifest.xml:14:13-71
22            android:windowSoftInputMode="adjustPan|adjustResize" />
22-->src\main\AndroidManifest.xml:15:13-65
23        <activity
23-->src\main\AndroidManifest.xml:16:9-20:74
24            android:name="org.rmj.guanzongroup.ghostrider.creditevaluator.Activity.Activity_EvaluationList"
24-->src\main\AndroidManifest.xml:17:13-61
25            android:label="CI Evaluation"
25-->src\main\AndroidManifest.xml:18:13-42
26            android:screenOrientation="userPortrait"
26-->src\main\AndroidManifest.xml:19:13-53
27            android:theme="@style/GhostRiderMaterialTheme.NoActionBar" />
27-->src\main\AndroidManifest.xml:20:13-71
28        <activity
28-->src\main\AndroidManifest.xml:21:9-25:74
29            android:name="org.rmj.guanzongroup.ghostrider.creditevaluator.Activity.Activity_EvaluationHistory"
29-->src\main\AndroidManifest.xml:22:13-64
30            android:label="CI Evaluation"
30-->src\main\AndroidManifest.xml:23:13-42
31            android:screenOrientation="userPortrait"
31-->src\main\AndroidManifest.xml:24:13-53
32            android:theme="@style/GhostRiderMaterialTheme.NoActionBar" />
32-->src\main\AndroidManifest.xml:25:13-71
33    </application>
34
35</manifest>